<?xml version="1.0" encoding="UTF-8"?>
<testng-results ignored="1" total="8" passed="7" failed="0" skipped="0">
  <reporter-output>
  </reporter-output>
  <suite started-at="2025-03-10T14:14:35 IST" name="Suite1" finished-at="2025-03-10T14:14:35 IST" duration-ms="581">
    <groups>
      <group name="Smoke">
        <method signature="Intro.Test1()[pri:0, instance:Test.Intro@74d1dc36]" name="Test1" class="Test.Intro"/>
        <method signature="Intro2.Test3()[pri:0, instance:Test.Intro2@1040be71]" name="Test3" class="Test.Intro2"/>
        <method signature="Intro2.Test5()[pri:0, instance:Test.Intro2@1040be71]" name="Test5" class="Test.Intro2"/>
      </group> <!-- Smoke -->
    </groups>
    <test started-at="2025-03-10T14:14:35 IST" name="Intro1" finished-at="2025-03-10T14:14:35 IST" duration-ms="192">
      <class name="Test.Intro">
        <test-method signature="Test1()[pri:0, instance:Test.Intro@74d1dc36]" started-at="2025-03-10T14:14:35 IST" name="Test1" finished-at="2025-03-10T14:14:35 IST" duration-ms="12" status="PASS">
          <reporter-output>
          </reporter-output>
        </test-method> <!-- Test1 -->
        <test-method signature="Test2()[pri:0, instance:Test.Intro@74d1dc36]" started-at="2025-03-10T14:14:35 IST" name="Test2" finished-at="2025-03-10T14:14:35 IST" duration-ms="11" status="PASS">
          <reporter-output>
          </reporter-output>
        </test-method> <!-- Test2 -->
        <test-method is-config="true" signature="Test0()[pri:0, instance:Test.Intro@74d1dc36]" started-at="2025-03-10T14:14:35 IST" name="Test0" finished-at="2025-03-10T14:14:35 IST" duration-ms="1" status="PASS">
          <reporter-output>
          </reporter-output>
        </test-method> <!-- Test0 -->
      </class> <!-- Test.Intro -->
    </test> <!-- Intro1 -->
    <test started-at="2025-03-10T14:14:35 IST" name="Intro2" finished-at="2025-03-10T14:14:35 IST" duration-ms="219">
      <class name="Test.Intro">
        <test-method is-config="true" signature="Test8()[pri:0, instance:Test.Intro@74d1dc36]" started-at="2025-03-10T14:14:35 IST" name="Test8" finished-at="2025-03-10T14:14:35 IST" duration-ms="2" status="PASS">
          <reporter-output>
          </reporter-output>
        </test-method> <!-- Test8 -->
      </class> <!-- Test.Intro -->
      <class name="Test.Intro2">
        <test-method is-config="true" signature="Test7()[pri:0, instance:Test.Intro2@1040be71]" started-at="2025-03-10T14:14:34 IST" name="Test7" finished-at="2025-03-10T14:14:35 IST" duration-ms="29" status="PASS">
          <reporter-output>
          </reporter-output>
        </test-method> <!-- Test7 -->
        <test-method is-config="true" signature="Test6()[pri:0, instance:Test.Intro2@1040be71]" started-at="2025-03-10T14:14:35 IST" name="Test6" finished-at="2025-03-10T14:14:35 IST" duration-ms="1" status="PASS">
          <reporter-output>
          </reporter-output>
        </test-method> <!-- Test6 -->
        <test-method is-config="true" signature="Test11()[pri:0, instance:Test.Intro2@1040be71]" started-at="2025-03-10T14:14:35 IST" name="Test11" finished-at="2025-03-10T14:14:35 IST" duration-ms="0" status="PASS">
          <reporter-output>
          </reporter-output>
        </test-method> <!-- Test11 -->
        <test-method is-config="true" signature="Test9()[pri:0, instance:Test.Intro2@1040be71]" started-at="2025-03-10T14:14:35 IST" name="Test9" finished-at="2025-03-10T14:14:35 IST" duration-ms="1" status="PASS">
          <reporter-output>
          </reporter-output>
        </test-method> <!-- Test9 -->
        <test-method signature="Test3()[pri:0, instance:Test.Intro2@1040be71]" started-at="2025-03-10T14:14:35 IST" name="Test3" finished-at="2025-03-10T14:14:35 IST" duration-ms="5" status="PASS">
          <reporter-output>
          </reporter-output>
        </test-method> <!-- Test3 -->
        <test-method is-config="true" signature="Test10()[pri:0, instance:Test.Intro2@1040be71]" started-at="2025-03-10T14:14:35 IST" name="Test10" finished-at="2025-03-10T14:14:35 IST" duration-ms="3" status="PASS">
          <reporter-output>
          </reporter-output>
        </test-method> <!-- Test10 -->
        <test-method is-config="true" signature="Test9()[pri:0, instance:Test.Intro2@1040be71]" started-at="2025-03-10T14:14:35 IST" name="Test9" finished-at="2025-03-10T14:14:35 IST" duration-ms="5" status="PASS">
          <reporter-output>
          </reporter-output>
        </test-method> <!-- Test9 -->
        <test-method signature="Test5()[pri:0, instance:Test.Intro2@1040be71]" started-at="2025-03-10T14:14:35 IST" name="Test5" finished-at="2025-03-10T14:14:35 IST" duration-ms="8" status="PASS">
          <reporter-output>
          </reporter-output>
        </test-method> <!-- Test5 -->
        <test-method is-config="true" signature="Test10()[pri:0, instance:Test.Intro2@1040be71]" started-at="2025-03-10T14:14:35 IST" name="Test10" finished-at="2025-03-10T14:14:35 IST" duration-ms="8" status="PASS">
          <reporter-output>
          </reporter-output>
        </test-method> <!-- Test10 -->
        <test-method is-config="true" signature="Test9()[pri:0, instance:Test.Intro2@1040be71]" started-at="2025-03-10T14:14:35 IST" name="Test9" finished-at="2025-03-10T14:14:35 IST" duration-ms="1" status="PASS">
          <reporter-output>
          </reporter-output>
        </test-method> <!-- Test9 -->
        <test-method signature="Test14()[pri:0, instance:Test.Intro2@1040be71]" started-at="2025-03-10T14:14:35 IST" name="Test14" finished-at="2025-03-10T14:14:35 IST" duration-ms="20" status="PASS">
          <reporter-output>
          </reporter-output>
        </test-method> <!-- Test14 -->
        <test-method is-config="true" signature="Test10()[pri:0, instance:Test.Intro2@1040be71]" started-at="2025-03-10T14:14:35 IST" name="Test10" finished-at="2025-03-10T14:14:35 IST" duration-ms="3" status="PASS">
          <reporter-output>
          </reporter-output>
        </test-method> <!-- Test10 -->
        <test-method is-config="true" signature="Test9()[pri:0, instance:Test.Intro2@1040be71]" started-at="2025-03-10T14:14:35 IST" name="Test9" finished-at="2025-03-10T14:14:35 IST" duration-ms="3" status="PASS">
          <reporter-output>
          </reporter-output>
        </test-method> <!-- Test9 -->
        <test-method signature="Test15(java.lang.String,java.lang.String)[pri:0, instance:Test.Intro2@1040be71]" started-at="2025-03-10T14:14:35 IST" name="Test15" finished-at="2025-03-10T14:14:35 IST" duration-ms="12" status="PASS">
          <params>
            <param index="0">
              <value>
                <![CDATA[qaclickacademy.com]]>
              </value>
            </param>
            <param index="1">
              <value>
                <![CDATA[123456]]>
              </value>
            </param>
          </params>
          <reporter-output>
          </reporter-output>
        </test-method> <!-- Test15 -->
        <test-method is-config="true" signature="Test10()[pri:0, instance:Test.Intro2@1040be71]" started-at="2025-03-10T14:14:35 IST" name="Test10" finished-at="2025-03-10T14:14:35 IST" duration-ms="6" status="PASS">
          <reporter-output>
          </reporter-output>
        </test-method> <!-- Test10 -->
        <test-method is-config="true" signature="Test9()[pri:0, instance:Test.Intro2@1040be71]" started-at="2025-03-10T14:14:35 IST" name="Test9" finished-at="2025-03-10T14:14:35 IST" duration-ms="2" status="PASS">
          <reporter-output>
          </reporter-output>
        </test-method> <!-- Test9 -->
        <test-method signature="Test4()[pri:0, instance:Test.Intro2@1040be71]" started-at="2025-03-10T14:14:35 IST" name="Test4" finished-at="2025-03-10T14:14:35 IST" depends-on-methods="Test.Intro2.Test5" duration-ms="15" status="PASS">
          <reporter-output>
          </reporter-output>
        </test-method> <!-- Test4 -->
        <test-method is-config="true" signature="Test10()[pri:0, instance:Test.Intro2@1040be71]" started-at="2025-03-10T14:14:35 IST" name="Test10" finished-at="2025-03-10T14:14:35 IST" duration-ms="11" status="PASS">
          <reporter-output>
          </reporter-output>
        </test-method> <!-- Test10 -->
        <test-method is-config="true" signature="Test12()[pri:0, instance:Test.Intro2@1040be71]" started-at="2025-03-10T14:14:35 IST" name="Test12" finished-at="2025-03-10T14:14:35 IST" duration-ms="5" status="PASS">
          <reporter-output>
          </reporter-output>
        </test-method> <!-- Test12 -->
      </class> <!-- Test.Intro2 -->
    </test> <!-- Intro2 -->
  </suite> <!-- Suite1 -->
</testng-results>
