<?xml version="1.0" encoding="UTF-8"?>
<testng-results ignored="0" total="1" passed="1" failed="0" skipped="0">
  <reporter-output>
  </reporter-output>
  <suite started-at="2025-03-10T14:17:27 IST" name="Suite" finished-at="2025-03-10T14:17:28 IST" duration-ms="198">
    <groups>
    </groups>
    <test started-at="2025-03-10T14:17:27 IST" name="Test" finished-at="2025-03-10T14:17:28 IST" duration-ms="198">
      <class name="PS1">
        <test-method is-config="true" signature="before()[pri:0, instance:PS1@71ba6d4e]" started-at="2025-03-10T14:17:27 IST" name="before" finished-at="2025-03-10T14:17:27 IST" duration-ms="17" status="PASS">
          <reporter-output>
          </reporter-output>
        </test-method> <!-- before -->
        <test-method signature="TestRun()[pri:0, instance:PS1@71ba6d4e]" started-at="2025-03-10T14:17:27 IST" name="TestRun" finished-at="2025-03-10T14:17:28 IST" duration-ms="56" status="PASS">
          <reporter-output>
          </reporter-output>
        </test-method> <!-- TestRun -->
        <test-method is-config="true" signature="after()[pri:0, instance:PS1@71ba6d4e]" started-at="2025-03-10T14:17:28 IST" name="after" finished-at="2025-03-10T14:17:28 IST" duration-ms="2" status="PASS">
          <reporter-output>
          </reporter-output>
        </test-method> <!-- after -->
      </class> <!-- PS1 -->
    </test> <!-- Test -->
  </suite> <!-- Suite -->
</testng-results>
