<?xml version="1.0" encoding="UTF-8"?>
<!-- Generated by org.testng.reporters.JUnitXMLReporter -->
<testsuite ignored="1" hostname="DESKTOP-GRNHF46" failures="0" tests="7" name="AllIntro" time="0.378" errors="0" timestamp="2025-03-03T13:02:48 IST">
  <testcase classname="Test.Intro" name="Test1" time="0.022"/>
  <testcase classname="Test.Intro" name="Test2" time="0.006"/>
  <testcase classname="Test.Intro2" name="Test3" time="0.006"/>
  <testcase classname="Test.Intro2" name="Test5" time="0.004"/>
  <testcase classname="Test.Intro2" name="Test14" time="0.026"/>
  <testcase classname="Test.Intro2" name="Test15" time="0.024"/>
  <testcase classname="Test.Intro2" name="Test4" time="0.005"/>
  <testcase classname="Test.Intro2" name="Test13" time="0.0">
    <ignored/>
  </testcase> <!-- Test13 -->
</testsuite> <!-- AllIntro -->
