<?xml version="1.0" encoding="UTF-8"?>
<!-- Generated by org.testng.reporters.JUnitXMLReporter -->
<testsuite ignored="1" hostname="DESKTOP-GRNHF46" failures="0" tests="5" name="Intro2" time="0.219" errors="0" timestamp="2025-03-10T14:14:35 IST">
  <testcase classname="Test.Intro2" name="Test3" time="0.005"/>
  <testcase classname="Test.Intro2" name="Test5" time="0.008"/>
  <testcase classname="Test.Intro2" name="Test14" time="0.02"/>
  <testcase classname="Test.Intro2" name="Test15" time="0.012"/>
  <testcase classname="Test.Intro2" name="Test4" time="0.015"/>
  <testcase classname="Test.Intro2" name="Test13" time="0.0">
    <ignored/>
  </testcase> <!-- Test13 -->
</testsuite> <!-- Intro2 -->
