<?xml version="1.0" encoding="UTF-8"?>
<!-- Generated by org.testng.reporters.JUnitXMLReporter -->
<testsuite ignored="2" hostname="DESKTOP-GRNHF46" failures="0" tests="3" name="Regression" time="0.175" errors="0" timestamp="2025-03-03T12:21:28 IST">
  <testcase classname="Test.Intro" name="Test1" time="0.018"/>
  <testcase classname="Test.Intro2" name="Test3" time="0.005"/>
  <testcase classname="Test.Intro2" name="Test5" time="0.01"/>
  <testcase classname="Test.Intro" name="Test2" time="0.0">
    <ignored/>
  </testcase> <!-- Test2 -->
  <testcase classname="Test.Intro2" name="Test4" time="0.0">
    <ignored/>
  </testcase> <!-- Test4 -->
</testsuite> <!-- Regression -->
